<?xml version="1.0" encoding="UTF-8"?>
<testng-results ignored="0" total="2" passed="2" failed="0" skipped="0">
  <reporter-output>
  </reporter-output>
  <suite started-at="2024-11-26T15:20:43 IST" name="Default suite" finished-at="2024-11-26T15:20:50 IST" duration-ms="6297">
    <groups>
    </groups>
    <test started-at="2024-11-26T15:20:43 IST" name="Default test" finished-at="2024-11-26T15:20:50 IST" duration-ms="6297">
      <class name="Threadsafetyconceptparallel.DriverTest2">
        <test-method signature="myTest1()[pri:0, instance:Threadsafetyconceptparallel.DriverTest2@14fc1f0]" started-at="2024-11-26T15:20:43 IST" name="myTest1" finished-at="2024-11-26T15:20:46 IST" duration-ms="2988" status="PASS">
          <reporter-output>
          </reporter-output>
        </test-method> <!-- myTest1 -->
        <test-method signature="myTest2()[pri:0, instance:Threadsafetyconceptparallel.DriverTest2@14fc1f0]" started-at="2024-11-26T15:20:46 IST" name="myTest2" finished-at="2024-11-26T15:20:50 IST" duration-ms="3289" status="PASS">
          <reporter-output>
          </reporter-output>
        </test-method> <!-- myTest2 -->
      </class> <!-- Threadsafetyconceptparallel.DriverTest2 -->
    </test> <!-- Default test -->
  </suite> <!-- Default suite -->
</testng-results>
